::1 - - [06/Aug/2024:14:51:50 +0000] "POST /api/v1/product HTTP/1.1" 200 20
::1 - - [06/Aug/2024:18:08:55 +0000] "POST /api/v1/product HTTP/1.1" 200 76
::1 - - [06/Aug/2024:18:16:36 +0000] "POST /api/v1/product HTTP/1.1" 500 28
::1 - - [06/Aug/2024:18:17:11 +0000] "POST /api/v1/product HTTP/1.1" 500 28
::1 - - [06/Aug/2024:18:19:26 +0000] "POST /api/v1/product HTTP/1.1" 500 28
::1 - - [06/Aug/2024:18:20:52 +0000] "POST /api/v1/product HTTP/1.1" 500 28
::1 - - [06/Aug/2024:18:24:58 +0000] "POST /api/v1/product HTTP/1.1" 500 28
::1 - - [06/Aug/2024:18:27:10 +0000] "POST /api/v1/product HTTP/1.1" 500 28
::1 - - [06/Aug/2024:18:28:26 +0000] "POST /api/v1/product HTTP/1.1" 500 28
::1 - - [06/Aug/2024:18:30:32 +0000] "POST /api/v1/product HTTP/1.1" 500 28
::1 - - [06/Aug/2024:18:32:20 +0000] "POST /api/v1/product HTTP/1.1" 500 28
::1 - - [06/Aug/2024:18:33:48 +0000] "POST /api/v1/product HTTP/1.1" 500 28
::1 - - [07/Aug/2024:17:32:41 +0000] "POST /api/v1/product HTTP/1.1" 500 28
::1 - - [07/Aug/2024:17:36:26 +0000] "POST /api/v1/product HTTP/1.1" 500 1656
::1 - - [07/Aug/2024:17:41:45 +0000] "POST /api/v1/product HTTP/1.1" 500 28
::1 - - [07/Aug/2024:17:51:34 +0000] "POST /api/v1/product HTTP/1.1" 500 28
::1 - - [07/Aug/2024:17:51:55 +0000] "POST /api/v1/product HTTP/1.1" 500 28
::1 - - [07/Aug/2024:18:02:28 +0000] "POST /api/v1/product HTTP/1.1" 500 28
::1 - - [07/Aug/2024:18:10:48 +0000] "POST /api/v1/product HTTP/1.1" 500 28
::1 - - [07/Aug/2024:18:43:31 +0000] "GET /api/v1/product HTTP/1.1" - -
::1 - - [07/Aug/2024:18:43:42 +0000] "GET /api/v1/product HTTP/1.1" - -
::1 - - [07/Aug/2024:18:44:14 +0000] "GET /api/v1/product HTTP/1.1" - -
::1 - - [07/Aug/2024:18:51:40 +0000] "GET /api/v1/product HTTP/1.1" 404 153
::1 - - [07/Aug/2024:18:51:56 +0000] "POST /api/v1/product HTTP/1.1" 404 154
::1 - - [07/Aug/2024:18:52:37 +0000] "POST /api/v1/product HTTP/1.1" 404 154
::1 - - [07/Aug/2024:18:53:05 +0000] "POST /api/v1/product HTTP/1.1" 404 154
::1 - - [07/Aug/2024:18:53:46 +0000] "GET /api/v1/product HTTP/1.1" 404 153
::1 - - [07/Aug/2024:18:55:21 +0000] "GET /api/v1/product HTTP/1.1" 404 153
::1 - - [07/Aug/2024:18:56:13 +0000] "GET /api/v1/product HTTP/1.1" 404 153
::1 - - [07/Aug/2024:18:56:18 +0000] "POST /api/v1/product HTTP/1.1" 404 154
::1 - - [07/Aug/2024:18:56:56 +0000] "POST /api/v1/product HTTP/1.1" 404 154
::1 - - [07/Aug/2024:18:58:10 +0000] "POST /api/v1/product HTTP/1.1" 404 154
::1 - - [07/Aug/2024:18:58:40 +0000] "POST /api/v1/product HTTP/1.1" 404 154
::1 - - [07/Aug/2024:18:58:47 +0000] "POST /api/v1/product HTTP/1.1" 404 154
::1 - - [07/Aug/2024:18:59:42 +0000] "POST /api/v1/product HTTP/1.1" 404 154
::1 - - [07/Aug/2024:18:59:45 +0000] "POST /api/v1/product HTTP/1.1" 404 154
::1 - - [07/Aug/2024:19:02:22 +0000] "POST /api/v1/product HTTP/1.1" 404 154
::1 - - [07/Aug/2024:19:06:14 +0000] "POST /product HTTP/1.1" 404 147
::1 - - [07/Aug/2024:19:09:29 +0000] "POST /product HTTP/1.1" 404 147
::1 - - [07/Aug/2024:19:14:49 +0000] "POST /product HTTP/1.1" - -
::1 - - [07/Aug/2024:19:18:22 +0000] "GET /product HTTP/1.1" 500 1642
::1 - - [07/Aug/2024:19:19:51 +0000] "GET /product HTTP/1.1" 200 2
::1 - - [07/Aug/2024:19:24:31 +0000] "GET /product HTTP/1.1" 200 2
::1 - - [07/Aug/2024:19:25:02 +0000] "POST /product HTTP/1.1" - -
::1 - - [07/Aug/2024:19:30:10 +0000] "GET /product HTTP/1.1" 200 2
::1 - - [07/Aug/2024:19:30:26 +0000] "GET /product HTTP/1.1" 200 2
::1 - - [07/Aug/2024:19:31:09 +0000] "GET /product HTTP/1.1" 200 2
::1 - - [07/Aug/2024:19:41:42 +0000] "GET /product HTTP/1.1" 200 2
::1 - - [07/Aug/2024:19:52:50 +0000] "POST /product HTTP/1.1" - -
::1 - - [07/Aug/2024:20:07:34 +0000] "GET /product HTTP/1.1" 200 2
::1 - - [10/Aug/2024:17:32:43 +0000] "GET /product HTTP/1.1" 200 2
::1 - - [10/Aug/2024:17:33:19 +0000] "GET /product HTTP/1.1" 200 2
::1 - - [10/Aug/2024:17:33:47 +0000] "GET /product HTTP/1.1" 200 2
::1 - - [10/Aug/2024:17:33:47 +0000] "GET /favicon.ico HTTP/1.1" 404 150
::1 - - [10/Aug/2024:17:34:10 +0000] "GET /product HTTP/1.1" 200 2
::1 - - [10/Aug/2024:17:39:49 +0000] "POST /product HTTP/1.1" - -
::1 - - [10/Aug/2024:18:43:48 +0000] "POST /product HTTP/1.1" - -
::1 - - [10/Aug/2024:18:43:50 +0000] "GET /product HTTP/1.1" 200 182
::1 - - [10/Aug/2024:18:45:06 +0000] "POST /product HTTP/1.1" 200 135
::1 - - [10/Aug/2024:18:49:42 +0000] "POST /product HTTP/1.1" 200 135
::1 - - [10/Aug/2024:18:50:21 +0000] "GET /product HTTP/1.1" 200 137
::1 - - [11/Aug/2024:18:04:06 +0000] "GET /product/66b7b6468e439b16a4c0caf8 HTTP/1.1" 200 135
::1 - - [11/Aug/2024:18:04:20 +0000] "POST /product HTTP/1.1" 200 135
::1 - - [11/Aug/2024:18:04:23 +0000] "GET /product/66b7b6468e439b16a4c0caf8 HTTP/1.1" 200 135
::1 - - [11/Aug/2024:18:04:30 +0000] "GET /product HTTP/1.1" 200 273
::1 - - [11/Aug/2024:18:12:01 +0000] "PUT /product/66b7b6468e439b16a4c0caf8 HTTP/1.1" 200 135
::1 - - [11/Aug/2024:18:12:18 +0000] "PUT /product/66b7b6468e439b16a4c0caf8 HTTP/1.1" 200 129
::1 - - [11/Aug/2024:18:12:25 +0000] "PUT /product/66b7b6468e439b16a4c0caf8 HTTP/1.1" 200 129
::1 - - [11/Aug/2024:18:12:29 +0000] "PUT /product/66b7b6468e439b16a4c0caf8 HTTP/1.1" 200 131
::1 - - [11/Aug/2024:18:12:57 +0000] "PUT /product/66b7b6468e439b16a4c0caf8 HTTP/1.1" 200 21
::1 - - [11/Aug/2024:18:13:33 +0000] "PUT /product/66b7b6468e439b16a4c0caf8 HTTP/1.1" 200 -
::1 - - [11/Aug/2024:18:13:35 +0000] "PUT /product/66b7b6468e439b16a4c0caf8 HTTP/1.1" 200 -
::1 - - [11/Aug/2024:18:17:02 +0000] "PUT /product/66b7b6468e439b16a4c0caf8 HTTP/1.1" 200 131
::1 - - [11/Aug/2024:18:18:04 +0000] "PUT /product/66b7b6468e439b16a4c0caf8 HTTP/1.1" 200 2
::1 - - [11/Aug/2024:18:18:06 +0000] "PUT /product/66b7b6468e439b16a4c0caf8 HTTP/1.1" 200 2
::1 - - [11/Aug/2024:18:21:01 +0000] "PUT /product/66b7b6468e439b16a4c0caf8 HTTP/1.1" 200 26
::1 - - [11/Aug/2024:18:21:21 +0000] "PUT /product/66b7b6468e439b16a4c0caf8 HTTP/1.1" 200 41
::1 - - [11/Aug/2024:18:22:12 +0000] "PUT /product/66b7b6468e439b16a4c0caf8 HTTP/1.1" 200 14
::1 - - [11/Aug/2024:18:23:21 +0000] "PUT /product/66b7b6468e439b16a4c0caf8 HTTP/1.1" 200 25
::1 - - [11/Aug/2024:18:25:43 +0000] "DELETE /product/66b7b6468e439b16a4c0caf8 HTTP/1.1" 200 25
::1 - - [11/Aug/2024:18:25:51 +0000] "GET /product/66b7b6468e439b16a4c0caf8 HTTP/1.1" 200 4
::1 - - [11/Aug/2024:18:33:49 +0000] "GET /product HTTP/1.1" 200 137
